<?xml version="1.0" encoding="UTF-8"?>
<!-- Generated by org.testng.reporters.JUnitXMLReporter -->
<testsuite ignored="0" hostname="DESKTOP-T7QCDAB" failures="0" tests="8" name="Default test" time="122.63" errors="0" timestamp="2022-09-13T13:23:17 IST">
  <testcase classname="com.PS.testcases.LoginTest" name="a" time="0.019"/>
  <testcase classname="com.PS.testcases.LoginTest" name="b" time="0.005"/>
  <testcase classname="com.PS.testcases.LoginTest" name="c" time="0.004"/>
  <testcase classname="com.PS.testcases.LoginTest" name="d" time="0.003"/>
  <testcase classname="com.PS.testcases.LoginTest" name="e" time="0.002"/>
  <testcase classname="com.PS.testcases.LoginTest" name="f" time="0.004"/>
  <testcase classname="com.PS.testcases.LoginTest" name="g" time="0.001"/>
  <testcase classname="com.PS.testcases.LoginTest" name="h" time="0.003"/>
</testsuite> <!-- Default test -->
