<?xml version="1.0" encoding="UTF-8"?>
<!-- Generated by org.testng.reporters.JUnitXMLReporter -->
<testsuite ignored="0" hostname="DESKTOP-T7QCDAB" failures="1" tests="1" name="FireFoxTest" time="24.439" errors="0" timestamp="2022-09-14T15:41:36 IST">
  <testcase classname="com.PS.testcases.LoginTest" name="loginPageTitleTest" time="2.012">
    <failure type="java.lang.AssertionError" message="Actual and Expected Title does not match expected [OrangeHRM1] but found [OrangeHRM]">
      <![CDATA[java.lang.AssertionError: Actual and Expected Title does not match expected [OrangeHRM1] but found [OrangeHRM]
at com.PS.testcases.LoginTest.loginPageTitleTest(LoginTest.java:37)
at java.base/java.util.ArrayList.forEach(ArrayList.java:1511)
... Removed 32 stack frames]]>
    </failure>
  </testcase> <!-- loginPageTitleTest -->
</testsuite> <!-- FireFoxTest -->
