<?xml version="1.0" encoding="UTF-8"?>
<testng-results ignored="0" total="2" passed="2" failed="0" skipped="0">
  <reporter-output>
  </reporter-output>
  <suite started-at="2022-09-14T09:56:44 IST" name="Suite" finished-at="2022-09-14T09:57:27 IST" duration-ms="43747">
    <groups>
    </groups>
    <test started-at="2022-09-14T09:56:44 IST" name="ChromeTest" finished-at="2022-09-14T09:57:07 IST" duration-ms="23338">
      <class name="com.PS.testcases.LoginTest">
        <test-method is-config="true" signature="loadConfig()[pri:0, instance:com.PS.testcases.LoginTest@393671df]" started-at="2022-09-14T09:56:44 IST" name="loadConfig" finished-at="2022-09-14T09:56:44 IST" duration-ms="25" status="PASS">
          <reporter-output>
          </reporter-output>
        </test-method> <!-- loadConfig -->
        <test-method is-config="true" signature="setup(java.lang.String)[pri:0, instance:com.PS.testcases.LoginTest@393671df]" started-at="2022-09-14T09:56:44 IST" name="setup" finished-at="2022-09-14T09:57:06 IST" duration-ms="22150" status="PASS">
          <params>
            <param index="0">
              <value>
                <![CDATA[Chrome]]>
              </value>
            </param>
          </params>
          <reporter-output>
          </reporter-output>
        </test-method> <!-- setup -->
        <test-method signature="loginPageTitleTest()[pri:1, instance:com.PS.testcases.LoginTest@393671df]" started-at="2022-09-14T09:57:06 IST" name="loginPageTitleTest" finished-at="2022-09-14T09:57:06 IST" duration-ms="36" status="PASS">
          <reporter-output>
          </reporter-output>
        </test-method> <!-- loginPageTitleTest -->
        <test-method is-config="true" signature="teardown()[pri:0, instance:com.PS.testcases.LoginTest@393671df]" started-at="2022-09-14T09:57:06 IST" name="teardown" finished-at="2022-09-14T09:57:07 IST" duration-ms="1036" status="PASS">
          <reporter-output>
          </reporter-output>
        </test-method> <!-- teardown -->
      </class> <!-- com.PS.testcases.LoginTest -->
    </test> <!-- ChromeTest -->
    <test started-at="2022-09-14T09:57:07 IST" name="FireFoxTest" finished-at="2022-09-14T09:57:27 IST" duration-ms="20353">
      <class name="com.PS.testcases.LoginTest">
        <test-method is-config="true" signature="loadConfig()[pri:0, instance:com.PS.testcases.LoginTest@5876a9af]" started-at="2022-09-14T09:57:07 IST" name="loadConfig" finished-at="2022-09-14T09:57:07 IST" duration-ms="2" status="PASS">
          <reporter-output>
          </reporter-output>
        </test-method> <!-- loadConfig -->
        <test-method is-config="true" signature="setup(java.lang.String)[pri:0, instance:com.PS.testcases.LoginTest@5876a9af]" started-at="2022-09-14T09:57:07 IST" name="setup" finished-at="2022-09-14T09:57:23 IST" duration-ms="15663" status="PASS">
          <params>
            <param index="0">
              <value>
                <![CDATA[Firefox]]>
              </value>
            </param>
          </params>
          <reporter-output>
          </reporter-output>
        </test-method> <!-- setup -->
        <test-method signature="loginPageTitleTest()[pri:1, instance:com.PS.testcases.LoginTest@5876a9af]" started-at="2022-09-14T09:57:23 IST" name="loginPageTitleTest" finished-at="2022-09-14T09:57:23 IST" duration-ms="35" status="PASS">
          <reporter-output>
          </reporter-output>
        </test-method> <!-- loginPageTitleTest -->
        <test-method is-config="true" signature="teardown()[pri:0, instance:com.PS.testcases.LoginTest@5876a9af]" started-at="2022-09-14T09:57:23 IST" name="teardown" finished-at="2022-09-14T09:57:27 IST" duration-ms="4646" status="PASS">
          <reporter-output>
          </reporter-output>
        </test-method> <!-- teardown -->
      </class> <!-- com.PS.testcases.LoginTest -->
    </test> <!-- FireFoxTest -->
  </suite> <!-- Suite -->
</testng-results>
