<?xml version="1.0" encoding="UTF-8"?>
<testng-results ignored="0" total="1" passed="1" failed="0" skipped="0">
  <reporter-output>
  </reporter-output>
  <suite started-at="2022-09-14T10:33:16 IST" name="Suite" finished-at="2022-09-14T10:33:55 IST" duration-ms="38875">
    <groups>
    </groups>
    <test started-at="2022-09-14T10:33:16 IST" name="ChromeTest" finished-at="2022-09-14T10:33:55 IST" duration-ms="38875">
      <class name="com.PS.testcases.LoginTest">
        <test-method is-config="true" signature="loadConfig()[pri:0, instance:com.PS.testcases.LoginTest@20ce78ec]" started-at="2022-09-14T10:33:16 IST" name="loadConfig" finished-at="2022-09-14T10:33:16 IST" duration-ms="28" status="PASS">
          <reporter-output>
          </reporter-output>
        </test-method> <!-- loadConfig -->
        <test-method is-config="true" signature="setup(java.lang.String)[pri:0, instance:com.PS.testcases.LoginTest@20ce78ec]" started-at="2022-09-14T10:33:16 IST" name="setup" finished-at="2022-09-14T10:33:54 IST" duration-ms="37519" status="PASS">
          <params>
            <param index="0">
              <value>
                <![CDATA[Chrome]]>
              </value>
            </param>
          </params>
          <reporter-output>
          </reporter-output>
        </test-method> <!-- setup -->
        <test-method signature="loginPageTitleTest()[pri:1, instance:com.PS.testcases.LoginTest@20ce78ec]" started-at="2022-09-14T10:33:54 IST" name="loginPageTitleTest" finished-at="2022-09-14T10:33:54 IST" duration-ms="44" status="PASS">
          <reporter-output>
          </reporter-output>
        </test-method> <!-- loginPageTitleTest -->
        <test-method is-config="true" signature="teardown()[pri:0, instance:com.PS.testcases.LoginTest@20ce78ec]" started-at="2022-09-14T10:33:54 IST" name="teardown" finished-at="2022-09-14T10:33:55 IST" duration-ms="1142" status="PASS">
          <reporter-output>
          </reporter-output>
        </test-method> <!-- teardown -->
      </class> <!-- com.PS.testcases.LoginTest -->
    </test> <!-- ChromeTest -->
  </suite> <!-- Suite -->
</testng-results>
